Traceback (most recent call last):
  File "/Users/martin/miniconda3/envs/jupyterbook/lib/python3.10/site-packages/jupyter_cache/executors/utils.py", line 58, in single_nb_execution
    executenb(
  File "/Users/martin/miniconda3/envs/jupyterbook/lib/python3.10/site-packages/nbclient/client.py", line 1319, in execute
    return NotebookClient(nb=nb, resources=resources, km=km, **kwargs).execute()
  File "/Users/martin/miniconda3/envs/jupyterbook/lib/python3.10/site-packages/jupyter_core/utils/__init__.py", line 165, in wrapped
    return loop.run_until_complete(inner)
  File "/Users/martin/miniconda3/envs/jupyterbook/lib/python3.10/asyncio/base_events.py", line 649, in run_until_complete
    return future.result()
  File "/Users/martin/miniconda3/envs/jupyterbook/lib/python3.10/site-packages/nbclient/client.py", line 709, in async_execute
    await self.async_execute_cell(
  File "/Users/martin/miniconda3/envs/jupyterbook/lib/python3.10/site-packages/nbclient/client.py", line 1062, in async_execute_cell
    await self._check_raise_for_error(cell, cell_index, exec_reply)
  File "/Users/martin/miniconda3/envs/jupyterbook/lib/python3.10/site-packages/nbclient/client.py", line 918, in _check_raise_for_error
    raise CellExecutionError.from_cell_and_msg(cell, exec_reply_content)
nbclient.exceptions.CellExecutionError: An error occurred while executing the following cell:
------------------
import math

import numpy as np
import scipy as sp
import matplotlib.pyplot as plt
import matplotlib.image as img
import ipywidgets as widgets

import torch
import torch.nn as nn
import torch.nn.functional as F
from torch.utils.data import DataLoader

from torchvision.datasets import Imagenette
from torchvision.transforms import Compose, Resize, ToTensor, Grayscale
------------------


[0;31m---------------------------------------------------------------------------[0m
[0;31mModuleNotFoundError[0m                       Traceback (most recent call last)
Cell [0;32mIn[1], line 14[0m
[1;32m     11[0m [38;5;28;01mimport[39;00m[38;5;250m [39m[38;5;21;01mtorch[39;00m[38;5;21;01m.[39;00m[38;5;21;01mnn[39;00m[38;5;21;01m.[39;00m[38;5;21;01mfunctional[39;00m[38;5;250m [39m[38;5;28;01mas[39;00m[38;5;250m [39m[38;5;21;01mF[39;00m
[1;32m     12[0m [38;5;28;01mfrom[39;00m[38;5;250m [39m[38;5;21;01mtorch[39;00m[38;5;21;01m.[39;00m[38;5;21;01mutils[39;00m[38;5;21;01m.[39;00m[38;5;21;01mdata[39;00m[38;5;250m [39m[38;5;28;01mimport[39;00m DataLoader
[0;32m---> 14[0m [38;5;28;01mfrom[39;00m[38;5;250m [39m[38;5;21;01mtorchvision[39;00m[38;5;21;01m.[39;00m[38;5;21;01mdatasets[39;00m[38;5;250m [39m[38;5;28;01mimport[39;00m Imagenette
[1;32m     15[0m [38;5;28;01mfrom[39;00m[38;5;250m [39m[38;5;21;01mtorchvision[39;00m[38;5;21;01m.[39;00m[38;5;21;01mtransforms[39;00m[38;5;250m [39m[38;5;28;01mimport[39;00m Compose, Resize, ToTensor, Grayscale

[0;31mModuleNotFoundError[0m: No module named 'torchvision'

